\BOOKMARK [1][]{section*.1}{\376\377\000C\000o\000n\000t\000a\000c\000t\000\040\000d\000a\000t\000a}{}% 1
\BOOKMARK [2][]{section*.2}{\376\377\000S\000o\000c\000i\000a\000l\000\040\000m\000e\000d\000i\000a}{section*.1}% 2
\BOOKMARK [1][]{section*.3}{\376\377\000E\000x\000p\000e\000r\000i\000e\000n\000c\000e}{}% 3
\BOOKMARK [2][]{section*.4}{\376\377\0002\0000\0001\0007\000/\0000\0001\040\023\000p\000r\000e\000s\000e\000n\000t}{section*.3}% 4
\BOOKMARK [2][]{section*.5}{\376\377\0002\0000\0001\0004\000/\0000\0003\040\023\0002\0000\0001\0007\000/\0000\0001}{section*.3}% 5
\BOOKMARK [2][]{section*.6}{\376\377\0002\0000\0001\0003\000/\0000\0003\040\023\0002\0000\0001\0004\000/\0000\0003}{section*.3}% 6
\BOOKMARK [2][]{section*.7}{\376\377\0002\0000\0001\0000\000/\0001\0000\040\023\0002\0000\0001\0003\000/\0000\0002}{section*.3}% 7
\BOOKMARK [2][]{section*.8}{\376\377\0002\0000\0000\0006\000/\0001\0000\040\023\0002\0000\0001\0000\000/\0000\0009}{section*.3}% 8
\BOOKMARK [2][]{section*.9}{\376\377\0002\0000\0001\0000\000/\0000\0008\040\023\0002\0000\0001\0000\000/\0000\0009}{section*.3}% 9
\BOOKMARK [2][]{section*.10}{\376\377\0002\0000\0000\0005\000/\0001\0000\040\023\0002\0000\0000\0005\000/\0001\0002}{section*.3}% 10
\BOOKMARK [1][]{section*.11}{\376\377\000E\000d\000u\000c\000a\000t\000i\000o\000n}{}% 11
\BOOKMARK [2][]{section*.12}{\376\377\000P\000h\000D\000\040\000i\000n\000\040\000S\000c\000i\000e\000n\000c\000e\000s\000\040\040\023\000\040\000O\000c\000e\000a\000n\000o\000g\000r\000a\000p\000h\000y}{section*.11}% 12
\BOOKMARK [2][]{section*.13}{\376\377\000A\000d\000v\000a\000n\000c\000e\000d\000\040\000M\000a\000s\000t\000e\000r\000\040\000i\000n\000\040\000M\000o\000d\000e\000l\000l\000i\000n\000g\000\040\000o\000f\000\040\000t\000h\000e\000\040\000M\000a\000r\000i\000n\000e\000\040\000E\000n\000v\000i\000r\000o\000n\000m\000e\000n\000t}{section*.11}% 13
\BOOKMARK [2][]{section*.14}{\376\377\000C\000i\000v\000i\000l\000\040\000E\000n\000g\000i\000n\000e\000e\000r\000\040\000i\000n\000\040\000P\000h\000y\000s\000i\000c\000s}{section*.11}% 14
\BOOKMARK [2][]{section*.15}{\376\377\000T\000r\000a\000i\000n\000i\000n\000g}{section*.11}% 15
\BOOKMARK [1][]{section*.16}{\376\377\000S\000k\000i\000l\000l\000s\000\040\000a\000n\000d\000\040\000C\000o\000m\000p\000e\000t\000e\000n\000c\000i\000e\000s}{}% 16
\BOOKMARK [2][]{section*.17}{\376\377\000T\000e\000c\000h\000n\000i\000c\000a\000l\000\040\000s\000k\000i\000l\000l\000s}{section*.16}% 17
\BOOKMARK [2][]{section*.18}{\376\377\000I\000T\000\040\000s\000k\000i\000l\000l\000s}{section*.16}% 18
\BOOKMARK [2][]{section*.19}{\376\377\000M\000a\000n\000a\000g\000e\000m\000e\000n\000t}{section*.16}% 19
\BOOKMARK [2][]{section*.20}{\376\377\000O\000r\000g\000a\000n\000i\000s\000a\000t\000i\000o\000n\000\040\000a\000n\000d\000\040\000C\000o\000m\000m\000u\000n\000i\000c\000a\000t\000i\000o\000n}{section*.16}% 20
\BOOKMARK [2][]{section*.21}{\376\377\000L\000a\000n\000g\000u\000a\000g\000e\000s}{section*.16}% 21
\BOOKMARK [2][]{section*.22}{\376\377\000T\000e\000a\000c\000h\000i\000n\000g\000\040\000a\000n\000d\000\040\000T\000r\000a\000i\000n\000i\000n\000g}{section*.16}% 22
\BOOKMARK [1][]{section*.23}{\376\377\000P\000r\000o\000j\000e\000c\000t\000s\000\040\000a\000n\000d\000\040\000s\000e\000r\000v\000i\000c\000e\000s}{}% 23
\BOOKMARK [2][]{section*.24}{\376\377\000E\000u\000r\000o\000p\000e\000a\000n\000\040\000p\000r\000o\000j\000e\000c\000t\000s}{section*.23}% 24
\BOOKMARK [2][]{section*.25}{\376\377\000O\000t\000h\000e\000r\000\040\000p\000r\000o\000j\000e\000c\000t\000s}{section*.23}% 25
\BOOKMARK [1][]{section*.26}{\376\377\000R\000e\000s\000e\000a\000r\000c\000h\000\040\000s\000t\000a\000y\000s}{}% 26
\BOOKMARK [1][]{section*.27}{\376\377\000S\000c\000i\000e\000n\000t\000i\000f\000i\000c\000\040\000c\000o\000n\000t\000r\000i\000b\000u\000t\000i\000o\000n\000s}{}% 27
\BOOKMARK [2][]{section*.28}{\376\377\000"\000F\0001\000C\0001\000\040\000A\000r\000t\000i\000c\000l\000e\000s}{section*.27}% 28
\BOOKMARK [2][]{section*.29}{\376\377\000"\000F\0000\0002\000D\000\040\000B\000o\000o\000k\000\040\000c\000h\000a\000p\000t\000e\000r\000s}{section*.27}% 29
\BOOKMARK [2][]{section*.30}{\376\377\000"\000F\0001\0003\0000\000\040\000T\000a\000l\000k\000s\000\040\000a\000n\000d\000\040\000p\000o\000s\000t\000e\000r\000s}{section*.27}% 30
\BOOKMARK [2][]{section*.31}{\376\377\000I\000n\000v\000i\000t\000e\000d\000\040\000E\000d\000i\000t\000o\000r}{section*.27}% 31
\BOOKMARK [2][]{section*.32}{\376\377\000R\000e\000v\000i\000e\000w\000e\000r}{section*.27}% 32
\BOOKMARK [2][]{section*.33}{\376\377\000D\000o\000c\000t\000o\000r\000a\000l\000\040\000t\000h\000e\000s\000i\000s\000\040\000t\000r\000i\000b\000u\000n\000a\000l}{section*.27}% 33
\BOOKMARK [2][]{section*.34}{\376\377\000U\000n\000d\000e\000r\000g\000r\000a\000d\000u\000a\000t\000e\000\040\000s\000t\000u\000d\000e\000n\000t\000\040\000t\000r\000a\000i\000n\000i\000n\000g}{section*.27}% 34
\BOOKMARK [2][]{section*.35}{\376\377\000O\000r\000g\000a\000n\000i\000s\000a\000t\000i\000o\000n\000\040\000o\000f\000\040\000c\000o\000n\000f\000e\000r\000e\000n\000c\000e\000s}{section*.27}% 35
\BOOKMARK [1][]{section*.36}{\376\377\000M\000i\000s\000c}{}% 36
\BOOKMARK [2][]{section*.37}{\376\377\000G\000r\000a\000n\000t\000s\000\040\000a\000n\000d\000\040\000f\000u\000n\000d\000i\000n\000g}{section*.36}% 37
\BOOKMARK [2][]{section*.38}{\376\377\000R\000e\000p\000r\000e\000s\000e\000n\000t\000a\000t\000i\000o\000n}{section*.36}% 38
\BOOKMARK [2][]{section*.39}{\376\377\000M\000e\000m\000b\000e\000r\000s\000h\000i\000p\000s}{section*.36}% 39
\BOOKMARK [2][]{section*.40}{\376\377\000P\000e\000r\000s\000o\000n\000a\000l\000\040\000i\000n\000t\000e\000r\000e\000s\000t\000s}{section*.36}% 40
